# JRE version: Java(TM) SE Runtime Environment (17.0.1+12) (build 17.0.1+12-LTS-39)
# Java VM: Java HotSpot(TM) 64-Bit Server VM (17.0.1+12-LTS-39, mixed mode, sharing, tiered, compressed oops, compressed class ptrs, g1 gc, bsd-aarch64)
Heap:
 garbage-first heap   total 51200K, used 24363K [0x0000000780000000, 0x0000000800000000)
  region size 1024K, 18 young (18432K), 6 survivors (6144K)
 Metaspace       used 24394K, committed 24640K, reserved 1073152K
  class space    used 3075K, committed 3200K, reserved 1048576K
GC Heap History (6 events):
Event: 5.557 GC heap before
{Heap before GC invocations=0 (full 0):
 garbage-first heap   total 133120K, used 23520K [0x0000000780000000, 0x0000000800000000)
  region size 1024K, 23 young (23552K), 0 survivors (0K)
 Metaspace       used 6083K, committed 6272K, reserved 1056768K
  class space    used 769K, committed 832K, reserved 1048576K
}
Event: 5.563 GC heap after
{Heap after GC invocations=1 (full 0):
 garbage-first heap   total 133120K, used 4644K [0x0000000780000000, 0x0000000800000000)
  region size 1024K, 3 young (3072K), 3 survivors (3072K)
 Metaspace       used 6083K, committed 6272K, reserved 1056768K
  class space    used 769K, committed 832K, reserved 1048576K
}
Event: 17.802 GC heap before
{Heap before GC invocations=1 (full 0):
 garbage-first heap   total 133120K, used 44580K [0x0000000780000000, 0x0000000800000000)
  region size 1024K, 40 young (40960K), 3 survivors (3072K)
 Metaspace       used 19117K, committed 19328K, reserved 1073152K
  class space    used 2476K, committed 2560K, reserved 1048576K
}
Event: 17.809 GC heap after
{Heap after GC invocations=2 (full 0):
 garbage-first heap   total 133120K, used 11707K [0x0000000780000000, 0x0000000800000000)
  region size 1024K, 5 young (5120K), 5 survivors (5120K)
 Metaspace       used 19117K, committed 19328K, reserved 1073152K
  class space    used 2476K, committed 2560K, reserved 1048576K
}
Event: 17.893 GC heap before
{Heap before GC invocations=2 (full 0):
 garbage-first heap   total 133120K, used 20923K [0x0000000780000000, 0x0000000800000000)
  region size 1024K, 15 young (15360K), 5 survivors (5120K)
 Metaspace       used 21246K, committed 21504K, reserved 1073152K
  class space    used 2694K, committed 2816K, reserved 1048576K
}
Event: 17.897 GC heap after
{Heap after GC invocations=3 (full 0):
 garbage-first heap   total 133120K, used 12572K [0x0000000780000000, 0x0000000800000000)
  region size 1024K, 6 young (6144K), 6 survivors (6144K)
 Metaspace       used 21246K, committed 21504K, reserved 1073152K
  class space    used 2694K, committed 2816K, reserved 1048576K
}

